Unity Editor version:    2020.3.25f1 (9b9180224418)
Branch:                  2020.3/staging
Build type:              Release
Batch mode:              YES
macOS version:           Version 12.0.1 (Build 21A559)
Darwin version:          21.1.0
Architecture:            x86_64
Running under Rosetta:   YES
Available memory:        8192 MB
Using pre-set license
Pro License: NO

COMMAND LINE ARGUMENTS:
/Applications/Unity/Hub/Editor/2020.3.25f1/Unity.app/Contents/MacOS/Unity
-adb2
-batchMode
-noUpm
-name
AssetImportWorker0
-projectPath
/Users/lezadeyzel/Desktop/unity projects/unity-test/Weather and seasons
-logFile
Logs/AssetImportWorker0.log
-srvPort
56914
Successfully changed project path to: /Users/lezadeyzel/Desktop/unity projects/unity-test/Weather and seasons
/Users/lezadeyzel/Desktop/unity projects/unity-test/Weather and seasons
Using Asset Import Pipeline V2.
Refreshing native plugins compatible for Editor in 31.62 ms, found 2 plugins.
Preloading 0 native plugins for Editor in 0.00 ms.
Initialize engine version: 2020.3.25f1 (9b9180224418)
[Subsystems] Discovering subsystems at path /Applications/Unity/Hub/Editor/2020.3.25f1/Unity.app/Contents/Resources/UnitySubsystems
[Subsystems] Discovering subsystems at path /Users/lezadeyzel/Desktop/unity projects/unity-test/Weather and seasons/Assets
GfxDevice: creating device client; threaded=0
2022-09-27 13:24:11.396 Unity[29601:2484485] (null) preferred device: Apple M1 (high power)
2022-09-27 13:24:11.396 Unity[29601:2484485] Metal devices available: 1
2022-09-27 13:24:11.396 Unity[29601:2484485] 0: Apple M1 (high power)
2022-09-27 13:24:11.397 Unity[29601:2484485] Using device Apple M1 (high power)
Initializing Metal device caps: Apple M1
Initialize mono
Mono path[0] = '/Applications/Unity/Hub/Editor/2020.3.25f1/Unity.app/Contents/Managed'
Mono path[1] = '/Applications/Unity/Hub/Editor/2020.3.25f1/Unity.app/Contents/MonoBleedingEdge/lib/mono/unityjit'
Mono config path = '/Applications/Unity/Hub/Editor/2020.3.25f1/Unity.app/Contents/MonoBleedingEdge/etc'
Using monoOptions --debugger-agent=transport=dt_socket,embedding=1,server=y,suspend=n,address=127.0.0.1:56601
Begin MonoManager ReloadAssembly
Registering precompiled unity dll's ...
Register platform support module: /Applications/Unity/Hub/Editor/2020.3.25f1/Unity.app/Contents/PlaybackEngines/MacStandaloneSupport/UnityEditor.OSXStandalone.Extensions.dll
Registered in 0.000905 seconds.
Native extension for OSXStandalone target not found
Refreshing native plugins compatible for Editor in 35.92 ms, found 2 plugins.
Preloading 0 native plugins for Editor in 0.00 ms.
Mono: successfully reloaded assembly
- Completed reload, in  1.554 seconds
Domain Reload Profiling:
	ReloadAssembly (1554ms)
		BeginReloadAssembly (128ms)
			ExecutionOrderSort (0ms)
			DisableScriptedObjects (0ms)
			BackupInstance (0ms)
			ReleaseScriptingObjects (0ms)
			CreateAndSetChildDomain (2ms)
		EndReloadAssembly (1276ms)
			LoadAssemblies (127ms)
			RebuildTransferFunctionScriptingTraits (5ms)
			SetupTypeCache (197ms)
			ReleaseScriptCaches (0ms)
			RebuildScriptCaches (45ms)
			SetupLoadedEditorAssemblies (704ms)
				LogAssemblyErrors (0ms)
				InitializePlatformSupportModulesInManaged (18ms)
				SetLoadedEditorAssemblies (1ms)
				RefreshPlugins (36ms)
				BeforeProcessingInitializeOnLoad (63ms)
				ProcessInitializeOnLoadAttributes (448ms)
				ProcessInitializeOnLoadMethodAttributes (137ms)
				AfterProcessingInitializeOnLoad (0ms)
				EditorAssembliesLoaded (1ms)
			ExecutionOrderSort2 (0ms)
			AwakeInstancesAfterBackupRestoration (0ms)
Platform modules already initialized, skipping
Registering precompiled user dll's ...
Registered in 0.004925 seconds.
Begin MonoManager ReloadAssembly
Native extension for OSXStandalone target not found
Refreshing native plugins compatible for Editor in 0.46 ms, found 2 plugins.
Preloading 0 native plugins for Editor in 0.00 ms.
Mono: successfully reloaded assembly
- Completed reload, in  2.422 seconds
Domain Reload Profiling:
	ReloadAssembly (2427ms)
		BeginReloadAssembly (282ms)
			ExecutionOrderSort (0ms)
			DisableScriptedObjects (35ms)
			BackupInstance (0ms)
			ReleaseScriptingObjects (0ms)
			CreateAndSetChildDomain (36ms)
		EndReloadAssembly (2042ms)
			LoadAssemblies (206ms)
			RebuildTransferFunctionScriptingTraits (0ms)
			SetupTypeCache (361ms)
			ReleaseScriptCaches (0ms)
			RebuildScriptCaches (53ms)
			SetupLoadedEditorAssemblies (1140ms)
				LogAssemblyErrors (0ms)
				InitializePlatformSupportModulesInManaged (16ms)
				SetLoadedEditorAssemblies (2ms)
				RefreshPlugins (0ms)
				BeforeProcessingInitializeOnLoad (223ms)
				ProcessInitializeOnLoadAttributes (863ms)
				ProcessInitializeOnLoadMethodAttributes (35ms)
				AfterProcessingInitializeOnLoad (1ms)
				EditorAssembliesLoaded (1ms)
			ExecutionOrderSort2 (0ms)
			AwakeInstancesAfterBackupRestoration (38ms)
Platform modules already initialized, skipping
Validating Project structure ... 0.000354 seconds.
Shader import version has changed; will reimport all shaders...
Upgrading shader files ...0.000267 seconds.
Application.AssetDatabase Initial Script Refresh Start
RefreshInfo: InitialScriptRefreshV2(NoUpdateAssetOptions) scanfilter:  ... 1 filters
RefreshProfiler: Total: 0.000ms
Application.AssetDatabase Initial Script Refresh End
Application.AssetDatabase.Refresh Start
Application.AssetDatabase.Refresh End
RefreshInfo: StopAssetImportingV2(ForceSynchronousImport) scanfilter: 
RefreshProfiler: Total: 0.000ms
Launching external process: /Applications/Unity/Hub/Editor/2020.3.25f1/Unity.app/Contents/Tools/UnityShaderCompiler
Launched and connected shader compiler UnityShaderCompiler after 0.56 seconds
Initializing Unity extensions:
2022-09-27 13:24:17.670 Unity[29601:2484485] NSEventModifierFlagFunction specified to -setKeyEquivalentModifierMask: for item <NSMenuItem: 0x6000003580e0 Font Asset, ke='Command-F12'>, but is only supported for system-provided menu items; will not be used
2022-09-27 13:24:17.674 Unity[29601:2484485] NSEventModifierFlagFunction specified to -setKeyEquivalentModifierMask: for item <NSMenuItem: 0x600000372a00 Font Asset, ke='Command-F12'>, but is only supported for system-provided menu items; will not be used
========================================================================
Worker process is ready to serve import requests
Refreshing native plugins compatible for Editor in 0.32 ms, found 2 plugins.
Preloading 0 native plugins for Editor in 0.00 ms.
Unloading 1501 Unused Serialized files (Serialized files now loaded: 0)
System memory in use before: 189.0 MB.
System memory in use after: 188.2 MB.

Unloading 80 unused Assets to reduce memory usage. Loaded Objects now: 1972.
Total: 8.925584 ms (FindLiveObjects: 0.116417 ms CreateObjectMapping: 0.031334 ms MarkObjects: 8.169375 ms  DeleteObjects: 0.605458 ms)

AssetImportParameters requested are different than current active one (requested -> active):
  custom:video-decoder-ogg-theora: a1e56fd34408186e4bbccfd4996cb3dc -> 
  custom:container-muxer-webm: aa71ff27fc2769a1b78a27578f13a17b -> 
  custom:container-demuxer-webm: 4f35f7cbe854078d1ac9338744f61a02 -> 
  custom:container-demuxer-ogg: 62fdf1f143b41e24485cea50d1cbac27 -> 
  custom:video-encoder-webm-vp8: eb34c28f22e8b96e1ab97ce403110664 -> 
  custom:framework-osx-AVFoundation: e770b220cccbd017edd2c1fefb359320 -> 
  custom:video-decoder-webm-vp8: 9c59270c3fd7afecdb556c50c9e8de78 -> 
  custom:audio-decoder-ogg-vorbis: bf7c407c2cedff20999df2af8eb42d56 -> 
  custom:audio-encoder-webm-vorbis: bf7c407c2cedff20999df2af8eb42d56 -> 
========================================================================
Received Import Request.
  path: Assets/Script
  artifactKey: Guid(d11af58c20f1a4958948598488f7337e) Importer(815301076,1909f56bfc062723c751e8b465ee728b)
Start importing Assets/Script using Guid(d11af58c20f1a4958948598488f7337e) Importer(815301076,1909f56bfc062723c751e8b465ee728b)  -> (artifact id: 'bd14f9e002f9288f88e3b813a9847dd7') in 0.027015 seconds 
  Import took 0.031898 seconds .

========================================================================
Received Import Request.
  Time since last request: 10.664408 seconds.
  path: Assets/Script/WeatherManager.cs
  artifactKey: Guid(5e2dff2ea0fb34862812e5bbab479ec6) Importer(815301076,1909f56bfc062723c751e8b465ee728b)
Start importing Assets/Script/WeatherManager.cs using Guid(5e2dff2ea0fb34862812e5bbab479ec6) Importer(815301076,1909f56bfc062723c751e8b465ee728b)  -> (artifact id: '107f2c93d0dcc976a87e285e9e40e673') in 0.620985 seconds 
  Import took 0.633115 seconds .

========================================================================
Received Prepare
Registering precompiled user dll's ...
Registered in 0.007294 seconds.
Begin MonoManager ReloadAssembly
Native extension for OSXStandalone target not found
Refreshing native plugins compatible for Editor in 0.61 ms, found 2 plugins.
Preloading 0 native plugins for Editor in 0.00 ms.
2022-09-27 13:24:41.249 Unity[29601:2484485] NSEventModifierFlagFunction specified to -setKeyEquivalentModifierMask: for item <NSMenuItem: 0x6000003251f0 Font Asset, ke='Command-F12'>, but is only supported for system-provided menu items; will not be used
Mono: successfully reloaded assembly
- Completed reload, in  3.120 seconds
Domain Reload Profiling:
	ReloadAssembly (3133ms)
		BeginReloadAssembly (592ms)
			ExecutionOrderSort (0ms)
			DisableScriptedObjects (106ms)
			BackupInstance (0ms)
			ReleaseScriptingObjects (0ms)
			CreateAndSetChildDomain (267ms)
		EndReloadAssembly (2418ms)
			LoadAssemblies (324ms)
			RebuildTransferFunctionScriptingTraits (3ms)
			SetupTypeCache (447ms)
			ReleaseScriptCaches (9ms)
			RebuildScriptCaches (55ms)
			SetupLoadedEditorAssemblies (1217ms)
				LogAssemblyErrors (0ms)
				InitializePlatformSupportModulesInManaged (34ms)
				SetLoadedEditorAssemblies (3ms)
				RefreshPlugins (1ms)
				BeforeProcessingInitializeOnLoad (323ms)
				ProcessInitializeOnLoadAttributes (820ms)
				ProcessInitializeOnLoadMethodAttributes (35ms)
				AfterProcessingInitializeOnLoad (1ms)
				EditorAssembliesLoaded (1ms)
			ExecutionOrderSort2 (0ms)
			AwakeInstancesAfterBackupRestoration (113ms)
Platform modules already initialized, skipping
Refreshing native plugins compatible for Editor in 0.45 ms, found 2 plugins.
Preloading 0 native plugins for Editor in 0.00 ms.
Unloading 1495 Unused Serialized files (Serialized files now loaded: 0)
System memory in use before: 191.2 MB.
System memory in use after: 191.3 MB.

Unloading 15 unused Assets to reduce memory usage. Loaded Objects now: 1976.
Total: 26.380708 ms (FindLiveObjects: 0.176250 ms CreateObjectMapping: 0.063166 ms MarkObjects: 26.003334 ms  DeleteObjects: 0.130959 ms)

AssetImportParameters requested are different than current active one (requested -> active):
  custom:video-decoder-ogg-theora: a1e56fd34408186e4bbccfd4996cb3dc -> 
  custom:container-muxer-webm: aa71ff27fc2769a1b78a27578f13a17b -> 
  custom:container-demuxer-webm: 4f35f7cbe854078d1ac9338744f61a02 -> 
  custom:container-demuxer-ogg: 62fdf1f143b41e24485cea50d1cbac27 -> 
  custom:video-encoder-webm-vp8: eb34c28f22e8b96e1ab97ce403110664 -> 
  custom:framework-osx-AVFoundation: e770b220cccbd017edd2c1fefb359320 -> 
  custom:video-decoder-webm-vp8: 9c59270c3fd7afecdb556c50c9e8de78 -> 
  custom:audio-decoder-ogg-vorbis: bf7c407c2cedff20999df2af8eb42d56 -> 
  custom:audio-encoder-webm-vorbis: bf7c407c2cedff20999df2af8eb42d56 -> 
========================================================================
Received Prepare
Registering precompiled user dll's ...
Registered in 0.007010 seconds.
Begin MonoManager ReloadAssembly
Native extension for OSXStandalone target not found
Refreshing native plugins compatible for Editor in 0.34 ms, found 2 plugins.
Preloading 0 native plugins for Editor in 0.00 ms.
2022-09-27 13:25:27.595 Unity[29601:2484485] NSEventModifierFlagFunction specified to -setKeyEquivalentModifierMask: for item <NSMenuItem: 0x6000003520d0 Font Asset, ke='Command-F12'>, but is only supported for system-provided menu items; will not be used
Mono: successfully reloaded assembly
- Completed reload, in  2.431 seconds
Domain Reload Profiling:
	ReloadAssembly (2436ms)
		BeginReloadAssembly (256ms)
			ExecutionOrderSort (0ms)
			DisableScriptedObjects (43ms)
			BackupInstance (0ms)
			ReleaseScriptingObjects (4ms)
			CreateAndSetChildDomain (82ms)
		EndReloadAssembly (2074ms)
			LoadAssemblies (228ms)
			RebuildTransferFunctionScriptingTraits (0ms)
			SetupTypeCache (336ms)
			ReleaseScriptCaches (1ms)
			RebuildScriptCaches (53ms)
			SetupLoadedEditorAssemblies (1163ms)
				LogAssemblyErrors (0ms)
				InitializePlatformSupportModulesInManaged (16ms)
				SetLoadedEditorAssemblies (1ms)
				RefreshPlugins (0ms)
				BeforeProcessingInitializeOnLoad (268ms)
				ProcessInitializeOnLoadAttributes (843ms)
				ProcessInitializeOnLoadMethodAttributes (32ms)
				AfterProcessingInitializeOnLoad (1ms)
				EditorAssembliesLoaded (1ms)
			ExecutionOrderSort2 (0ms)
			AwakeInstancesAfterBackupRestoration (41ms)
Platform modules already initialized, skipping
Refreshing native plugins compatible for Editor in 0.32 ms, found 2 plugins.
Preloading 0 native plugins for Editor in 0.00 ms.
Unloading 1495 Unused Serialized files (Serialized files now loaded: 0)
System memory in use before: 191.4 MB.
System memory in use after: 191.5 MB.

Unloading 14 unused Assets to reduce memory usage. Loaded Objects now: 1978.
Total: 3.628708 ms (FindLiveObjects: 0.092792 ms CreateObjectMapping: 0.036208 ms MarkObjects: 3.471583 ms  DeleteObjects: 0.026083 ms)

AssetImportParameters requested are different than current active one (requested -> active):
  custom:video-decoder-ogg-theora: a1e56fd34408186e4bbccfd4996cb3dc -> 
  custom:container-muxer-webm: aa71ff27fc2769a1b78a27578f13a17b -> 
  custom:container-demuxer-webm: 4f35f7cbe854078d1ac9338744f61a02 -> 
  custom:container-demuxer-ogg: 62fdf1f143b41e24485cea50d1cbac27 -> 
  custom:video-encoder-webm-vp8: eb34c28f22e8b96e1ab97ce403110664 -> 
  custom:framework-osx-AVFoundation: e770b220cccbd017edd2c1fefb359320 -> 
  custom:video-decoder-webm-vp8: 9c59270c3fd7afecdb556c50c9e8de78 -> 
  custom:audio-decoder-ogg-vorbis: bf7c407c2cedff20999df2af8eb42d56 -> 
  custom:audio-encoder-webm-vorbis: bf7c407c2cedff20999df2af8eb42d56 -> 
========================================================================
Received Import Request.
  Time since last request: 66.503267 seconds.
  path: Assets/Script/WeatherManager.cs
  artifactKey: Guid(5e2dff2ea0fb34862812e5bbab479ec6) Importer(815301076,1909f56bfc062723c751e8b465ee728b)
Start importing Assets/Script/WeatherManager.cs using Guid(5e2dff2ea0fb34862812e5bbab479ec6) Importer(815301076,1909f56bfc062723c751e8b465ee728b)  -> (artifact id: '735c47e64f923dc296c2b3f74a0e8d89') in 0.030366 seconds 
  Import took 0.043464 seconds .

========================================================================
Received Prepare
Registering precompiled user dll's ...
Registered in 0.003678 seconds.
Begin MonoManager ReloadAssembly
Native extension for OSXStandalone target not found
Refreshing native plugins compatible for Editor in 0.30 ms, found 2 plugins.
Preloading 0 native plugins for Editor in 0.00 ms.
2022-09-27 13:26:04.218 Unity[29601:2484485] NSEventModifierFlagFunction specified to -setKeyEquivalentModifierMask: for item <NSMenuItem: 0x600000340f50 Font Asset, ke='Command-F12'>, but is only supported for system-provided menu items; will not be used
Mono: successfully reloaded assembly
- Completed reload, in  2.497 seconds
Domain Reload Profiling:
	ReloadAssembly (2502ms)
		BeginReloadAssembly (255ms)
			ExecutionOrderSort (0ms)
			DisableScriptedObjects (52ms)
			BackupInstance (0ms)
			ReleaseScriptingObjects (0ms)
			CreateAndSetChildDomain (85ms)
		EndReloadAssembly (2136ms)
			LoadAssemblies (222ms)
			RebuildTransferFunctionScriptingTraits (0ms)
			SetupTypeCache (339ms)
			ReleaseScriptCaches (1ms)
			RebuildScriptCaches (48ms)
			SetupLoadedEditorAssemblies (1227ms)
				LogAssemblyErrors (0ms)
				InitializePlatformSupportModulesInManaged (15ms)
				SetLoadedEditorAssemblies (2ms)
				RefreshPlugins (17ms)
				BeforeProcessingInitializeOnLoad (270ms)
				ProcessInitializeOnLoadAttributes (891ms)
				ProcessInitializeOnLoadMethodAttributes (31ms)
				AfterProcessingInitializeOnLoad (1ms)
				EditorAssembliesLoaded (1ms)
			ExecutionOrderSort2 (0ms)
			AwakeInstancesAfterBackupRestoration (39ms)
Platform modules already initialized, skipping
Refreshing native plugins compatible for Editor in 0.33 ms, found 2 plugins.
Preloading 0 native plugins for Editor in 0.00 ms.
Unloading 1495 Unused Serialized files (Serialized files now loaded: 0)
System memory in use before: 191.5 MB.
System memory in use after: 191.6 MB.

Unloading 14 unused Assets to reduce memory usage. Loaded Objects now: 1980.
Total: 3.842083 ms (FindLiveObjects: 0.103583 ms CreateObjectMapping: 0.054250 ms MarkObjects: 3.651833 ms  DeleteObjects: 0.029916 ms)

AssetImportParameters requested are different than current active one (requested -> active):
  custom:video-decoder-ogg-theora: a1e56fd34408186e4bbccfd4996cb3dc -> 
  custom:container-muxer-webm: aa71ff27fc2769a1b78a27578f13a17b -> 
  custom:container-demuxer-webm: 4f35f7cbe854078d1ac9338744f61a02 -> 
  custom:container-demuxer-ogg: 62fdf1f143b41e24485cea50d1cbac27 -> 
  custom:video-encoder-webm-vp8: eb34c28f22e8b96e1ab97ce403110664 -> 
  custom:framework-osx-AVFoundation: e770b220cccbd017edd2c1fefb359320 -> 
  custom:video-decoder-webm-vp8: 9c59270c3fd7afecdb556c50c9e8de78 -> 
  custom:audio-decoder-ogg-vorbis: bf7c407c2cedff20999df2af8eb42d56 -> 
  custom:audio-encoder-webm-vorbis: bf7c407c2cedff20999df2af8eb42d56 -> 
========================================================================
Received Import Request.
  Time since last request: 122.772095 seconds.
  path: Assets/Scenes/SampleScene.unity
  artifactKey: Guid(9fc0d4010bbf28b4594072e72b8655ab) Importer(815301076,1909f56bfc062723c751e8b465ee728b)
Start importing Assets/Scenes/SampleScene.unity using Guid(9fc0d4010bbf28b4594072e72b8655ab) Importer(815301076,1909f56bfc062723c751e8b465ee728b)  -> (artifact id: '9ab79081e56a8af024d394c3fb7dea0d') in 0.204471 seconds 
  Import took 0.221126 seconds .

========================================================================
Received Import Request.
  Time since last request: 2.779352 seconds.
  path: Assets/Scenes/SampleScene.unity
  artifactKey: Guid(9fc0d4010bbf28b4594072e72b8655ab) Importer(815301076,1909f56bfc062723c751e8b465ee728b)
Start importing Assets/Scenes/SampleScene.unity using Guid(9fc0d4010bbf28b4594072e72b8655ab) Importer(815301076,1909f56bfc062723c751e8b465ee728b)  -> (artifact id: '2772cd1c123de17a0f62db1c34546778') in 0.013673 seconds 
  Import took 0.033387 seconds .

========================================================================
Received Import Request.
  Time since last request: 9.230034 seconds.
  path: Assets/Scenes/MainScene.unity
  artifactKey: Guid(9fc0d4010bbf28b4594072e72b8655ab) Importer(815301076,1909f56bfc062723c751e8b465ee728b)
Start importing Assets/Scenes/MainScene.unity using Guid(9fc0d4010bbf28b4594072e72b8655ab) Importer(815301076,1909f56bfc062723c751e8b465ee728b)  -> (artifact id: '9e3ac3684a93544817c35b8a46629a2c') in 0.016450 seconds 
  Import took 0.033963 seconds .

========================================================================
Received Import Request.
  Time since last request: 49.736363 seconds.
  path: Assets/New Terrain.asset
  artifactKey: Guid(943139eb7e5f644858f447f516cc4fb1) Importer(815301076,1909f56bfc062723c751e8b465ee728b)
Start importing Assets/New Terrain.asset using Guid(943139eb7e5f644858f447f516cc4fb1) Importer(815301076,1909f56bfc062723c751e8b465ee728b)  -> (artifact id: '7c8f9e1d5d3d8fd31ea403496f41e083') in 1.460813 seconds 
  Import took 1.478635 seconds .

========================================================================
Received Import Request.
  Time since last request: 5.722681 seconds.
  path: Assets
  artifactKey: Guid(00000000000000001000000000000000) Importer(815301076,1909f56bfc062723c751e8b465ee728b)
Start importing Assets using Guid(00000000000000001000000000000000) Importer(815301076,1909f56bfc062723c751e8b465ee728b)  -> (artifact id: '42d402b061de3733987d63b9cc3b64de') in 0.001683 seconds 
  Import took 0.005721 seconds .

========================================================================
Received Import Request.
  Time since last request: 17.395942 seconds.
  path: Assets/Materials
  artifactKey: Guid(37d082458accb411b93dd90e041c0525) Importer(815301076,1909f56bfc062723c751e8b465ee728b)
Start importing Assets/Materials using Guid(37d082458accb411b93dd90e041c0525) Importer(815301076,1909f56bfc062723c751e8b465ee728b)  -> (artifact id: '45ef287773fd3166a567c57a57e99622') in 0.005737 seconds 
  Import took 0.014125 seconds .

========================================================================
Received Import Request.
  Time since last request: 11.134523 seconds.
  path: Assets/Materials/Green.mat
  artifactKey: Guid(7975259f66fd44d0084c8a267c1ee03a) Importer(815301076,1909f56bfc062723c751e8b465ee728b)
Start importing Assets/Materials/Green.mat using Guid(7975259f66fd44d0084c8a267c1ee03a) Importer(815301076,1909f56bfc062723c751e8b465ee728b)  -> (artifact id: 'a63e7a8638efbc1b4e003bcf4d55eb80') in 0.991254 seconds 
  Import took 1.000846 seconds .

========================================================================
Received Prepare
Registering precompiled user dll's ...
Registered in 0.016177 seconds.
Begin MonoManager ReloadAssembly
Native extension for OSXStandalone target not found
Refreshing native plugins compatible for Editor in 0.48 ms, found 2 plugins.
Preloading 0 native plugins for Editor in 0.00 ms.
2022-09-27 13:32:14.644 Unity[29601:2484485] NSEventModifierFlagFunction specified to -setKeyEquivalentModifierMask: for item <NSMenuItem: 0x600000308af0 Font Asset, ke='Command-F12'>, but is only supported for system-provided menu items; will not be used
Mono: successfully reloaded assembly
- Completed reload, in  2.654 seconds
Domain Reload Profiling:
	ReloadAssembly (2659ms)
		BeginReloadAssembly (369ms)
			ExecutionOrderSort (0ms)
			DisableScriptedObjects (52ms)
			BackupInstance (0ms)
			ReleaseScriptingObjects (0ms)
			CreateAndSetChildDomain (144ms)
		EndReloadAssembly (2167ms)
			LoadAssemblies (295ms)
			RebuildTransferFunctionScriptingTraits (2ms)
			SetupTypeCache (353ms)
			ReleaseScriptCaches (1ms)
			RebuildScriptCaches (50ms)
			SetupLoadedEditorAssemblies (1193ms)
				LogAssemblyErrors (0ms)
				InitializePlatformSupportModulesInManaged (23ms)
				SetLoadedEditorAssemblies (2ms)
				RefreshPlugins (1ms)
				BeforeProcessingInitializeOnLoad (278ms)
				ProcessInitializeOnLoadAttributes (859ms)
				ProcessInitializeOnLoadMethodAttributes (28ms)
				AfterProcessingInitializeOnLoad (1ms)
				EditorAssembliesLoaded (1ms)
			ExecutionOrderSort2 (0ms)
			AwakeInstancesAfterBackupRestoration (37ms)
Platform modules already initialized, skipping
Refreshing native plugins compatible for Editor in 0.28 ms, found 2 plugins.
Preloading 0 native plugins for Editor in 0.00 ms.
Unloading 1495 Unused Serialized files (Serialized files now loaded: 0)
System memory in use before: 201.4 MB.
System memory in use after: 200.9 MB.

Unloading 16 unused Assets to reduce memory usage. Loaded Objects now: 2021.
Total: 4.419875 ms (FindLiveObjects: 0.330416 ms CreateObjectMapping: 0.033625 ms MarkObjects: 3.501917 ms  DeleteObjects: 0.551458 ms)

AssetImportParameters requested are different than current active one (requested -> active):
  custom:video-decoder-ogg-theora: a1e56fd34408186e4bbccfd4996cb3dc -> 
  custom:container-muxer-webm: aa71ff27fc2769a1b78a27578f13a17b -> 
  custom:container-demuxer-webm: 4f35f7cbe854078d1ac9338744f61a02 -> 
  custom:container-demuxer-ogg: 62fdf1f143b41e24485cea50d1cbac27 -> 
  custom:video-encoder-webm-vp8: eb34c28f22e8b96e1ab97ce403110664 -> 
  custom:framework-osx-AVFoundation: e770b220cccbd017edd2c1fefb359320 -> 
  custom:video-decoder-webm-vp8: 9c59270c3fd7afecdb556c50c9e8de78 -> 
  custom:audio-decoder-ogg-vorbis: bf7c407c2cedff20999df2af8eb42d56 -> 
  custom:audio-encoder-webm-vorbis: bf7c407c2cedff20999df2af8eb42d56 -> 
========================================================================
Received Import Request.
  Time since last request: 184.995561 seconds.
  path: Assets/Particle Systems
  artifactKey: Guid(c5386c0d015084ac1b003ea3056ac448) Importer(815301076,1909f56bfc062723c751e8b465ee728b)
Start importing Assets/Particle Systems using Guid(c5386c0d015084ac1b003ea3056ac448) Importer(815301076,1909f56bfc062723c751e8b465ee728b)  -> (artifact id: '3713a9d238118b47251b052163397c05') in 0.049086 seconds 
  Import took 0.061207 seconds .

========================================================================
Received Import Request.
  Time since last request: 292.999372 seconds.
  path: Assets/Particle Systems/Rain.prefab
  artifactKey: Guid(6baafb2c2047d4d42a7396ea29d99adb) Importer(815301076,1909f56bfc062723c751e8b465ee728b)
Start importing Assets/Particle Systems/Rain.prefab using Guid(6baafb2c2047d4d42a7396ea29d99adb) Importer(815301076,1909f56bfc062723c751e8b465ee728b)  -> (artifact id: '6b9f23a26bdc1ad84267aad4a254f814') in 1.189240 seconds 
  Import took 1.223438 seconds .

========================================================================
Received Import Request.
  Time since last request: 20.240693 seconds.
  path: Assets/Materials/New Material.mat
  artifactKey: Guid(107cd422776434981bec332c9ab20716) Importer(815301076,1909f56bfc062723c751e8b465ee728b)
Start importing Assets/Materials/New Material.mat using Guid(107cd422776434981bec332c9ab20716) Importer(815301076,1909f56bfc062723c751e8b465ee728b)  -> (artifact id: 'a48537d1e3d178e5dfdf28111bae4b9d') in 0.150488 seconds 
  Import took 0.165620 seconds .

========================================================================
Received Import Request.
  Time since last request: 12.032833 seconds.
  path: Assets/Materials/RainMaterial.mat
  artifactKey: Guid(107cd422776434981bec332c9ab20716) Importer(815301076,1909f56bfc062723c751e8b465ee728b)
Start importing Assets/Materials/RainMaterial.mat using Guid(107cd422776434981bec332c9ab20716) Importer(815301076,1909f56bfc062723c751e8b465ee728b)  -> (artifact id: '9f9b2eb844fab011a0916287181982b9') in 0.036761 seconds 
  Import took 0.046763 seconds .

========================================================================
Received Import Request.
  Time since last request: 76.389630 seconds.
  path: Assets/Particle Systems/Rain.prefab
  artifactKey: Guid(6baafb2c2047d4d42a7396ea29d99adb) Importer(815301076,1909f56bfc062723c751e8b465ee728b)
Start importing Assets/Particle Systems/Rain.prefab using Guid(6baafb2c2047d4d42a7396ea29d99adb) Importer(815301076,1909f56bfc062723c751e8b465ee728b)  -> (artifact id: '1e2bb115c93d6a34c750b51269da1af2') in 0.044207 seconds 
  Import took 0.055419 seconds .

========================================================================
Received Prepare
Registering precompiled user dll's ...
Registered in 0.004764 seconds.
Begin MonoManager ReloadAssembly
Native extension for OSXStandalone target not found
Refreshing native plugins compatible for Editor in 0.36 ms, found 2 plugins.
Preloading 0 native plugins for Editor in 0.00 ms.
2022-09-27 13:41:02.509 Unity[29601:2484485] NSEventModifierFlagFunction specified to -setKeyEquivalentModifierMask: for item <NSMenuItem: 0x6000003767d0 Font Asset, ke='Command-F12'>, but is only supported for system-provided menu items; will not be used
Mono: successfully reloaded assembly
- Completed reload, in  2.601 seconds
Domain Reload Profiling:
	ReloadAssembly (2602ms)
		BeginReloadAssembly (286ms)
			ExecutionOrderSort (0ms)
			DisableScriptedObjects (43ms)
			BackupInstance (0ms)
			ReleaseScriptingObjects (0ms)
			CreateAndSetChildDomain (92ms)
		EndReloadAssembly (2201ms)
			LoadAssemblies (265ms)
			RebuildTransferFunctionScriptingTraits (3ms)
			SetupTypeCache (370ms)
			ReleaseScriptCaches (1ms)
			RebuildScriptCaches (49ms)
			SetupLoadedEditorAssemblies (1225ms)
				LogAssemblyErrors (0ms)
				InitializePlatformSupportModulesInManaged (18ms)
				SetLoadedEditorAssemblies (2ms)
				RefreshPlugins (0ms)
				BeforeProcessingInitializeOnLoad (280ms)
				ProcessInitializeOnLoadAttributes (891ms)
				ProcessInitializeOnLoadMethodAttributes (32ms)
				AfterProcessingInitializeOnLoad (1ms)
				EditorAssembliesLoaded (1ms)
			ExecutionOrderSort2 (0ms)
			AwakeInstancesAfterBackupRestoration (37ms)
Platform modules already initialized, skipping
Refreshing native plugins compatible for Editor in 0.32 ms, found 2 plugins.
Preloading 0 native plugins for Editor in 0.00 ms.
Unloading 1495 Unused Serialized files (Serialized files now loaded: 0)
System memory in use before: 205.4 MB.
System memory in use after: 205.5 MB.

Unloading 16 unused Assets to reduce memory usage. Loaded Objects now: 2025.
Total: 2.122500 ms (FindLiveObjects: 0.095583 ms CreateObjectMapping: 0.030292 ms MarkObjects: 1.937458 ms  DeleteObjects: 0.056917 ms)

AssetImportParameters requested are different than current active one (requested -> active):
  custom:video-decoder-ogg-theora: a1e56fd34408186e4bbccfd4996cb3dc -> 
  custom:container-muxer-webm: aa71ff27fc2769a1b78a27578f13a17b -> 
  custom:container-demuxer-webm: 4f35f7cbe854078d1ac9338744f61a02 -> 
  custom:container-demuxer-ogg: 62fdf1f143b41e24485cea50d1cbac27 -> 
  custom:video-encoder-webm-vp8: eb34c28f22e8b96e1ab97ce403110664 -> 
  custom:framework-osx-AVFoundation: e770b220cccbd017edd2c1fefb359320 -> 
  custom:video-decoder-webm-vp8: 9c59270c3fd7afecdb556c50c9e8de78 -> 
  custom:audio-decoder-ogg-vorbis: bf7c407c2cedff20999df2af8eb42d56 -> 
  custom:audio-encoder-webm-vorbis: bf7c407c2cedff20999df2af8eb42d56 -> 
========================================================================
Received Prepare
Registering precompiled user dll's ...
Registered in 0.003423 seconds.
Begin MonoManager ReloadAssembly
Native extension for OSXStandalone target not found
Refreshing native plugins compatible for Editor in 0.30 ms, found 2 plugins.
Preloading 0 native plugins for Editor in 0.00 ms.
2022-09-27 13:41:47.526 Unity[29601:2484485] NSEventModifierFlagFunction specified to -setKeyEquivalentModifierMask: for item <NSMenuItem: 0x60000033e530 Font Asset, ke='Command-F12'>, but is only supported for system-provided menu items; will not be used
Mono: successfully reloaded assembly
- Completed reload, in  2.503 seconds
Domain Reload Profiling:
	ReloadAssembly (2507ms)
		BeginReloadAssembly (287ms)
			ExecutionOrderSort (0ms)
			DisableScriptedObjects (55ms)
			BackupInstance (0ms)
			ReleaseScriptingObjects (0ms)
			CreateAndSetChildDomain (89ms)
		EndReloadAssembly (2103ms)
			LoadAssemblies (237ms)
			RebuildTransferFunctionScriptingTraits (2ms)
			SetupTypeCache (356ms)
			ReleaseScriptCaches (1ms)
			RebuildScriptCaches (45ms)
			SetupLoadedEditorAssemblies (1199ms)
				LogAssemblyErrors (0ms)
				InitializePlatformSupportModulesInManaged (18ms)
				SetLoadedEditorAssemblies (2ms)
				RefreshPlugins (0ms)
				BeforeProcessingInitializeOnLoad (261ms)
				ProcessInitializeOnLoadAttributes (884ms)
				ProcessInitializeOnLoadMethodAttributes (31ms)
				AfterProcessingInitializeOnLoad (1ms)
				EditorAssembliesLoaded (1ms)
			ExecutionOrderSort2 (0ms)
			AwakeInstancesAfterBackupRestoration (38ms)
Platform modules already initialized, skipping
Refreshing native plugins compatible for Editor in 0.33 ms, found 2 plugins.
Preloading 0 native plugins for Editor in 0.00 ms.
Unloading 1495 Unused Serialized files (Serialized files now loaded: 0)
System memory in use before: 205.5 MB.
System memory in use after: 205.7 MB.

Unloading 14 unused Assets to reduce memory usage. Loaded Objects now: 2027.
Total: 4.240167 ms (FindLiveObjects: 0.302500 ms CreateObjectMapping: 0.038083 ms MarkObjects: 3.869333 ms  DeleteObjects: 0.028042 ms)

AssetImportParameters requested are different than current active one (requested -> active):
  custom:video-decoder-ogg-theora: a1e56fd34408186e4bbccfd4996cb3dc -> 
  custom:container-muxer-webm: aa71ff27fc2769a1b78a27578f13a17b -> 
  custom:container-demuxer-webm: 4f35f7cbe854078d1ac9338744f61a02 -> 
  custom:container-demuxer-ogg: 62fdf1f143b41e24485cea50d1cbac27 -> 
  custom:video-encoder-webm-vp8: eb34c28f22e8b96e1ab97ce403110664 -> 
  custom:framework-osx-AVFoundation: e770b220cccbd017edd2c1fefb359320 -> 
  custom:video-decoder-webm-vp8: 9c59270c3fd7afecdb556c50c9e8de78 -> 
  custom:audio-decoder-ogg-vorbis: bf7c407c2cedff20999df2af8eb42d56 -> 
  custom:audio-encoder-webm-vorbis: bf7c407c2cedff20999df2af8eb42d56 -> 
========================================================================
Received Import Request.
  Time since last request: 173.211717 seconds.
  path: Assets/Particle Systems/Rain.prefab
  artifactKey: Guid(6baafb2c2047d4d42a7396ea29d99adb) Importer(815301076,1909f56bfc062723c751e8b465ee728b)
Start importing Assets/Particle Systems/Rain.prefab using Guid(6baafb2c2047d4d42a7396ea29d99adb) Importer(815301076,1909f56bfc062723c751e8b465ee728b)  -> (artifact id: '23d5bc83302216a0f2cea698fe003602') in 0.261350 seconds 
  Import took 0.270838 seconds .

========================================================================
Received Import Request.
  Time since last request: 28.922611 seconds.
  path: Assets/Particle Systems/Rain.prefab
  artifactKey: Guid(6baafb2c2047d4d42a7396ea29d99adb) Importer(815301076,1909f56bfc062723c751e8b465ee728b)
Start importing Assets/Particle Systems/Rain.prefab using Guid(6baafb2c2047d4d42a7396ea29d99adb) Importer(815301076,1909f56bfc062723c751e8b465ee728b)  -> (artifact id: '118639fd7b3d6b8ccc47b555be73f49f') in 0.072694 seconds 
  Import took 0.079670 seconds .

========================================================================
Received Import Request.
  Time since last request: 44.865863 seconds.
  path: Assets/Particle Systems/Rain.prefab
  artifactKey: Guid(6baafb2c2047d4d42a7396ea29d99adb) Importer(815301076,1909f56bfc062723c751e8b465ee728b)
Start importing Assets/Particle Systems/Rain.prefab using Guid(6baafb2c2047d4d42a7396ea29d99adb) Importer(815301076,1909f56bfc062723c751e8b465ee728b)  -> (artifact id: 'e6a3883a8a7d5efc5d37358a13cd6621') in 0.035635 seconds 
  Import took 0.043312 seconds .

========================================================================
Received Import Request.
  Time since last request: 36.549291 seconds.
  path: Assets/Particle Systems/Rain.prefab
  artifactKey: Guid(6baafb2c2047d4d42a7396ea29d99adb) Importer(815301076,1909f56bfc062723c751e8b465ee728b)
Start importing Assets/Particle Systems/Rain.prefab using Guid(6baafb2c2047d4d42a7396ea29d99adb) Importer(815301076,1909f56bfc062723c751e8b465ee728b)  -> (artifact id: 'db2fd3e05be93fed024deb30f3ed007e') in 0.051899 seconds 
  Import took 0.069121 seconds .

========================================================================
Received Import Request.
  Time since last request: 28.333107 seconds.
  path: Assets/Materials/RainMaterial.mat
  artifactKey: Guid(107cd422776434981bec332c9ab20716) Importer(815301076,1909f56bfc062723c751e8b465ee728b)
Start importing Assets/Materials/RainMaterial.mat using Guid(107cd422776434981bec332c9ab20716) Importer(815301076,1909f56bfc062723c751e8b465ee728b)  -> (artifact id: '43b7239827e75ed837227aa5d6876127') in 0.434318 seconds 
  Import took 0.455837 seconds .

========================================================================
Received Import Request.
  Time since last request: 532.727579 seconds.
  path: Assets/Particle Systems/Snow.prefab
  artifactKey: Guid(b28151325098745c892dc425778bd5da) Importer(815301076,1909f56bfc062723c751e8b465ee728b)
Start importing Assets/Particle Systems/Snow.prefab using Guid(b28151325098745c892dc425778bd5da) Importer(815301076,1909f56bfc062723c751e8b465ee728b)  -> (artifact id: '1bc728f6db2377c601ff267d2f2f4675') in 0.183601 seconds 
  Import took 0.298150 seconds .

========================================================================
Received Import Request.
  Time since last request: 8.398853 seconds.
  path: Assets/Materials/Green.mat
  artifactKey: Guid(7975259f66fd44d0084c8a267c1ee03a) Importer(815301076,1909f56bfc062723c751e8b465ee728b)
Start importing Assets/Materials/Green.mat using Guid(7975259f66fd44d0084c8a267c1ee03a) Importer(815301076,1909f56bfc062723c751e8b465ee728b)  -> (artifact id: '3c7521c5aff8f1b2052e10496f4077d2') in 0.090869 seconds 
  Import took 0.100039 seconds .

========================================================================
Received Import Request.
  Time since last request: 11.005286 seconds.
  path: Assets/Materials/SnowMaterial.mat
  artifactKey: Guid(766c8d4b5060648d0988436f6c80243c) Importer(815301076,1909f56bfc062723c751e8b465ee728b)
Start importing Assets/Materials/SnowMaterial.mat using Guid(766c8d4b5060648d0988436f6c80243c) Importer(815301076,1909f56bfc062723c751e8b465ee728b)  -> (artifact id: 'eeca25f6fd7a90a944e0a74fb3ca189c') in 0.029185 seconds 
  Import took 0.037440 seconds .

========================================================================
Received Import Request.
  Time since last request: 93.116419 seconds.
  path: Assets/Materials/SnowMaterial.mat
  artifactKey: Guid(766c8d4b5060648d0988436f6c80243c) Importer(815301076,1909f56bfc062723c751e8b465ee728b)
Start importing Assets/Materials/SnowMaterial.mat using Guid(766c8d4b5060648d0988436f6c80243c) Importer(815301076,1909f56bfc062723c751e8b465ee728b)  -> (artifact id: 'ebfb262fb75f587683cf5d2c47368601') in 0.039085 seconds 
  Import took 0.049183 seconds .

========================================================================
Received Import Request.
  Time since last request: 126.951983 seconds.
  path: Assets/Particle Systems/Snow.prefab
  artifactKey: Guid(b28151325098745c892dc425778bd5da) Importer(815301076,1909f56bfc062723c751e8b465ee728b)
Start importing Assets/Particle Systems/Snow.prefab using Guid(b28151325098745c892dc425778bd5da) Importer(815301076,1909f56bfc062723c751e8b465ee728b)  -> (artifact id: 'd3f4c83f71ef909c6e6bf16c274cc7c8') in 0.048732 seconds 
  Import took 0.056566 seconds .

